2026-02-17 00:32:00,578 INFO o.a.j.u.JMeterUtils: Setting Locale to en_EN
2026-02-17 00:32:00,615 INFO o.a.j.JMeter: Loading user properties from: C:\jmeter\apache-jmeter-5.6.3\bin\user.properties
2026-02-17 00:32:00,615 INFO o.a.j.JMeter: Loading system properties from: C:\jmeter\apache-jmeter-5.6.3\bin\system.properties
2026-02-17 00:32:00,630 INFO o.a.j.JMeter: Copyright (c) 1998-2024 The Apache Software Foundation
2026-02-17 00:32:00,630 INFO o.a.j.JMeter: Version 5.6.3
2026-02-17 00:32:00,630 INFO o.a.j.JMeter: java.version=17.0.12
2026-02-17 00:32:00,630 INFO o.a.j.JMeter: java.vm.name=Java HotSpot(TM) 64-Bit Server VM
2026-02-17 00:32:00,630 INFO o.a.j.JMeter: os.name=Windows 11
2026-02-17 00:32:00,630 INFO o.a.j.JMeter: os.arch=amd64
2026-02-17 00:32:00,630 INFO o.a.j.JMeter: os.version=10.0
2026-02-17 00:32:00,630 INFO o.a.j.JMeter: file.encoding=Cp1252
2026-02-17 00:32:00,630 INFO o.a.j.JMeter: java.awt.headless=true
2026-02-17 00:32:00,630 INFO o.a.j.JMeter: Max memory     =1073741824
2026-02-17 00:32:00,630 INFO o.a.j.JMeter: Available Processors =4
2026-02-17 00:32:00,646 INFO o.a.j.JMeter: Default Locale=English (EN)
2026-02-17 00:32:00,646 INFO o.a.j.JMeter: JMeter  Locale=English (EN)
2026-02-17 00:32:00,646 INFO o.a.j.JMeter: JMeterHome=C:\jmeter\apache-jmeter-5.6.3
2026-02-17 00:32:00,646 INFO o.a.j.JMeter: user.dir  =C:\Users\User\Desktop\NttData\Challenge\JMeter_Performance_JSCM
2026-02-17 00:32:00,646 INFO o.a.j.JMeter: PWD       =C:\Users\User\Desktop\NttData\Challenge\JMeter_Performance_JSCM
2026-02-17 00:32:00,653 INFO o.a.j.JMeter: IP: 192.168.100.9 Name: DESKTOP-P96E6JQ FullName: DESKTOP-P96E6JQ
2026-02-17 00:32:00,668 INFO o.a.j.JMeter: Setting property 'jmeter.reportgenerator.outputdir' to:'C:\Users\User\Desktop\NttData\Challenge\JMeter_Performance_JSCM\results\report'
2026-02-17 00:32:00,671 INFO o.a.j.s.FileServer: Default base='C:\Users\User\Desktop\NttData\Challenge\JMeter_Performance_JSCM'
2026-02-17 00:32:00,674 INFO o.a.j.s.FileServer: Set new base='C:\Users\User\Desktop\NttData\Challenge\JMeter_Performance_JSCM\test-plan'
2026-02-17 00:32:00,927 INFO o.a.j.s.SaveService: Testplan (JMX) version: 2.2. Testlog (JTL) version: 2.2
2026-02-17 00:32:00,965 INFO o.a.j.s.SaveService: Using SaveService properties version 5.0
2026-02-17 00:32:00,967 INFO o.a.j.s.SaveService: Using SaveService properties file encoding UTF-8
2026-02-17 00:32:00,967 INFO o.a.j.s.SaveService: Loading file: test-plan\login_20tps.jmx
2026-02-17 00:32:01,033 INFO o.a.j.p.h.s.HTTPSamplerBase: Parser for text/html is org.apache.jmeter.protocol.http.parser.LagartoBasedHtmlParser
2026-02-17 00:32:01,033 INFO o.a.j.p.h.s.HTTPSamplerBase: Parser for application/xhtml+xml is org.apache.jmeter.protocol.http.parser.LagartoBasedHtmlParser
2026-02-17 00:32:01,033 INFO o.a.j.p.h.s.HTTPSamplerBase: Parser for application/xml is org.apache.jmeter.protocol.http.parser.LagartoBasedHtmlParser
2026-02-17 00:32:01,033 INFO o.a.j.p.h.s.HTTPSamplerBase: Parser for text/xml is org.apache.jmeter.protocol.http.parser.LagartoBasedHtmlParser
2026-02-17 00:32:01,033 INFO o.a.j.p.h.s.HTTPSamplerBase: Parser for text/vnd.wap.wml is org.apache.jmeter.protocol.http.parser.RegexpHTMLParser
2026-02-17 00:32:01,033 INFO o.a.j.p.h.s.HTTPSamplerBase: Parser for text/css is org.apache.jmeter.protocol.http.parser.CssParser
2026-02-17 00:32:01,074 INFO o.a.j.JMeter: Creating summariser <summary>
2026-02-17 00:32:01,079 INFO o.a.j.r.d.ReportGenerator: ReportGenerator will use for Parsing the separator: ','
2026-02-17 00:32:01,079 INFO o.a.j.r.d.ReportGenerator: Will generate report at end of test from  results file: results\results.jtl
2026-02-17 00:32:01,079 INFO o.a.j.r.d.ReportGenerator: Reading report generator properties from: C:\jmeter\apache-jmeter-5.6.3\bin\reportgenerator.properties
2026-02-17 00:32:01,079 INFO o.a.j.r.d.ReportGenerator: Merging with JMeter properties
2026-02-17 00:32:01,084 INFO o.a.j.r.c.ReportGeneratorConfiguration: Property 'jmeter.reportgenerator.temp_dir' not found, using default value 'temp' instead.
2026-02-17 00:32:01,086 INFO o.a.j.r.c.ReportGeneratorConfiguration: Property 'jmeter.reportgenerator.apdex_per_transaction' not found, using default value 'null' instead.
2026-02-17 00:32:01,086 INFO o.a.j.r.c.ReportGeneratorConfiguration: apdex_per_transaction is empty, not APDEX per transaction customization
2026-02-17 00:32:01,086 INFO o.a.j.r.c.ReportGeneratorConfiguration: Property 'jmeter.reportgenerator.sample_filter' not found, using default value 'null' instead.
2026-02-17 00:32:01,086 INFO o.a.j.r.c.ReportGeneratorConfiguration: Property 'jmeter.reportgenerator.report_title' not found, using default value 'null' instead.
2026-02-17 00:32:01,086 INFO o.a.j.r.c.ReportGeneratorConfiguration: Property 'jmeter.reportgenerator.start_date' not found, using default value 'null' instead.
2026-02-17 00:32:01,086 INFO o.a.j.r.c.ReportGeneratorConfiguration: Property 'jmeter.reportgenerator.end_date' not found, using default value 'null' instead.
2026-02-17 00:32:01,089 INFO o.a.j.r.c.ReportGeneratorConfiguration: Property 'jmeter.reportgenerator.date_format' not found, using default value 'null' instead.
2026-02-17 00:32:01,089 INFO o.a.j.r.c.ReportGeneratorConfiguration: Will use date range start date: null, end date: null
2026-02-17 00:32:01,093 INFO o.a.j.r.c.ReportGeneratorConfiguration: Property 'jmeter.reportgenerator.graph.totalTPS.exclude_controllers' not found, using default value 'false' instead.
2026-02-17 00:32:01,093 INFO o.a.j.r.c.ReportGeneratorConfiguration: Property 'jmeter.reportgenerator.graph.activeThreadsOverTime.exclude_controllers' not found, using default value 'false' instead.
2026-02-17 00:32:01,093 INFO o.a.j.r.c.ReportGeneratorConfiguration: Property 'jmeter.reportgenerator.graph.timeVsThreads.exclude_controllers' not found, using default value 'false' instead.
2026-02-17 00:32:01,095 INFO o.a.j.r.c.ReportGeneratorConfiguration: Property 'jmeter.reportgenerator.graph.responseTimeDistribution.exclude_controllers' not found, using default value 'false' instead.
2026-02-17 00:32:01,095 INFO o.a.j.r.c.ReportGeneratorConfiguration: Property 'jmeter.reportgenerator.graph.transactionsPerSecond.exclude_controllers' not found, using default value 'false' instead.
2026-02-17 00:32:01,095 INFO o.a.j.r.c.ReportGeneratorConfiguration: Property 'jmeter.reportgenerator.graph.responseTimePercentiles.exclude_controllers' not found, using default value 'false' instead.
2026-02-17 00:32:01,095 INFO o.a.j.r.c.ReportGeneratorConfiguration: Property 'jmeter.reportgenerator.graph.responseTimePercentilesOverTime.exclude_controllers' not found, using default value 'false' instead.
2026-02-17 00:32:01,095 INFO o.a.j.r.c.ReportGeneratorConfiguration: Property 'jmeter.reportgenerator.graph.responseTimesOverTime.exclude_controllers' not found, using default value 'false' instead.
2026-02-17 00:32:01,095 INFO o.a.j.r.c.ReportGeneratorConfiguration: Property 'jmeter.reportgenerator.graph.connectTimeOverTime.exclude_controllers' not found, using default value 'false' instead.
2026-02-17 00:32:01,095 INFO o.a.j.r.c.ReportGeneratorConfiguration: Property 'jmeter.reportgenerator.graph.latenciesOverTime.exclude_controllers' not found, using default value 'false' instead.
2026-02-17 00:32:01,095 INFO o.a.j.r.c.ReportGeneratorConfiguration: Property 'jmeter.reportgenerator.exporter.json.filters_only_sample_series' not found, using default value 'true' instead.
2026-02-17 00:32:01,097 INFO o.a.j.r.c.ReportGeneratorConfiguration: Property 'jmeter.reportgenerator.exporter.json.series_filter' not found, using default value '' instead.
2026-02-17 00:32:01,097 INFO o.a.j.r.c.ReportGeneratorConfiguration: Property 'jmeter.reportgenerator.exporter.json.show_controllers_only' not found, using default value 'false' instead.
2026-02-17 00:32:01,097 INFO o.a.j.r.c.ReportGeneratorConfiguration: Property 'jmeter.reportgenerator.exporter.html.filters_only_sample_series' not found, using default value 'true' instead.
2026-02-17 00:32:01,097 INFO o.a.j.r.c.ReportGeneratorConfiguration: Property 'jmeter.reportgenerator.exporter.html.series_filter' not found, using default value '' instead.
2026-02-17 00:32:01,097 INFO o.a.j.r.c.ReportGeneratorConfiguration: Property 'jmeter.reportgenerator.exporter.html.show_controllers_only' not found, using default value 'false' instead.
2026-02-17 00:32:01,116 INFO o.a.j.e.StandardJMeterEngine: Running the test!
2026-02-17 00:32:01,119 INFO o.a.j.s.SampleEvent: List of sample_variables: []
2026-02-17 00:32:01,119 INFO o.a.j.s.SampleEvent: List of sample_variables: []
2026-02-17 00:32:01,128 INFO o.a.j.e.u.CompoundVariable: Note: Function class names must contain the string: '.functions.'
2026-02-17 00:32:01,128 INFO o.a.j.e.u.CompoundVariable: Note: Function class names must not contain the string: '.gui.'
2026-02-17 00:32:01,219 INFO o.a.j.JMeter: Running test (1771306321219)
2026-02-17 00:32:01,240 INFO o.a.j.e.StandardJMeterEngine: Starting ThreadGroup: 1 : Thread Group
2026-02-17 00:32:01,240 INFO o.a.j.e.StandardJMeterEngine: Starting 300 threads for group Thread Group.
2026-02-17 00:32:01,240 INFO o.a.j.e.StandardJMeterEngine: Thread will continue on error
2026-02-17 00:32:01,240 INFO o.a.j.t.ThreadGroup: Starting thread group... number=1 threads=300 ramp-up=20 delayedStart=false
2026-02-17 00:32:01,457 INFO o.a.j.t.ThreadGroup: Started thread group number 1
2026-02-17 00:32:01,457 INFO o.a.j.e.StandardJMeterEngine: All thread groups have been started
2026-02-17 00:32:01,662 INFO o.a.j.t.JMeterThread: Thread started: Thread Group 1-1
2026-02-17 00:32:01,699 INFO o.a.j.s.FileServer: Stored: C:/Users/User/Desktop/NttData/Challenge/JMeter_Performance_JSCM/test-plan/users.csv
2026-02-17 00:32:01,723 INFO o.a.j.t.JMeterThread: Thread started: Thread Group 1-2
2026-02-17 00:32:01,763 INFO o.a.j.p.h.s.HTTPHCAbstractImpl: Local host = DESKTOP-P96E6JQ
2026-02-17 00:32:01,778 INFO o.a.j.p.h.s.HTTPHC4Impl: HTTP request retry count = 0
2026-02-17 00:32:01,780 INFO o.a.j.s.SampleResult: Note: Sample TimeStamps are START times
2026-02-17 00:32:01,780 INFO o.a.j.s.SampleResult: sampleresult.default.encoding is set to UTF-8
2026-02-17 00:32:01,780 INFO o.a.j.t.JMeterThread: Thread started: Thread Group 1-3
2026-02-17 00:32:01,780 INFO o.a.j.s.SampleResult: sampleresult.useNanoTime=true
2026-02-17 00:32:01,783 INFO o.a.j.s.SampleResult: sampleresult.nanoThreadSleep=5000
2026-02-17 00:32:01,853 INFO o.a.j.t.JMeterThread: Thread started: Thread Group 1-4
2026-02-17 00:32:01,886 INFO o.a.j.t.JMeterThread: Thread started: Thread Group 1-5
2026-02-17 00:32:01,963 INFO o.a.j.p.h.s.h.LazyLayeredConnectionSocketFactory: Setting up HTTPS TrustAll Socket Factory
2026-02-17 00:32:01,963 INFO o.a.j.t.JMeterThread: Thread started: Thread Group 1-6
2026-02-17 00:32:01,974 INFO o.a.j.u.JsseSSLManager: Using default SSL protocol: TLS
2026-02-17 00:32:01,974 INFO o.a.j.u.JsseSSLManager: SSL session context: per-thread
2026-02-17 00:32:02,051 INFO o.a.j.t.JMeterThread: Thread started: Thread Group 1-7
2026-02-17 00:32:02,103 INFO o.a.j.t.JMeterThread: Thread started: Thread Group 1-8
2026-02-17 00:32:02,109 INFO o.a.j.u.SSLManager: JmeterKeyStore Location:  type JKS
2026-02-17 00:32:02,114 INFO o.a.j.u.SSLManager: KeyStore created OK
2026-02-17 00:32:02,115 WARN o.a.j.u.SSLManager: Keystore file not found, loading empty keystore
2026-02-17 00:32:02,157 INFO o.a.j.t.JMeterThread: Thread started: Thread Group 1-9
2026-02-17 00:32:02,216 INFO o.a.j.t.JMeterThread: Thread started: Thread Group 1-10
2026-02-17 00:32:02,320 INFO o.a.j.t.JMeterThread: Thread started: Thread Group 1-11
2026-02-17 00:32:02,403 INFO o.a.j.t.JMeterThread: Thread started: Thread Group 1-12
2026-02-17 00:32:02,533 INFO o.a.j.t.JMeterThread: Thread started: Thread Group 1-13
2026-02-17 00:32:02,534 INFO o.a.j.t.JMeterThread: Thread started: Thread Group 1-14
2026-02-17 00:32:02,562 INFO o.a.j.t.JMeterThread: Thread started: Thread Group 1-15
2026-02-17 00:32:02,641 INFO o.a.j.t.JMeterThread: Thread started: Thread Group 1-16
2026-02-17 00:32:02,683 INFO o.a.j.t.JMeterThread: Thread started: Thread Group 1-17
2026-02-17 00:32:02,746 INFO o.a.j.t.JMeterThread: Thread started: Thread Group 1-18
2026-02-17 00:32:02,813 INFO o.a.j.t.JMeterThread: Thread started: Thread Group 1-19
2026-02-17 00:32:02,881 INFO o.a.j.t.JMeterThread: Thread started: Thread Group 1-20
2026-02-17 00:32:02,945 INFO o.a.j.t.JMeterThread: Thread started: Thread Group 1-21
2026-02-17 00:32:03,012 INFO o.a.j.t.JMeterThread: Thread started: Thread Group 1-22
2026-02-17 00:32:03,074 INFO o.a.j.t.JMeterThread: Thread started: Thread Group 1-23
2026-02-17 00:32:03,162 INFO o.a.j.t.JMeterThread: Thread started: Thread Group 1-24
2026-02-17 00:32:03,217 INFO o.a.j.r.Summariser: summary +      1 in 00:00:02 =    0.5/s Avg:  1096 Min:  1096 Max:  1096 Err:     0 (0.00%) Active: 24 Started: 24 Finished: 0
2026-02-17 00:32:03,262 INFO o.a.j.t.JMeterThread: Thread started: Thread Group 1-25
2026-02-17 00:32:03,316 INFO o.a.j.t.JMeterThread: Thread started: Thread Group 1-26
2026-02-17 00:32:03,368 INFO o.a.j.t.JMeterThread: Thread started: Thread Group 1-27
2026-02-17 00:32:03,429 INFO o.a.j.t.JMeterThread: Thread started: Thread Group 1-28
2026-02-17 00:32:03,470 INFO o.a.j.t.JMeterThread: Thread started: Thread Group 1-29
2026-02-17 00:32:03,560 INFO o.a.j.t.JMeterThread: Thread started: Thread Group 1-30
2026-02-17 00:32:03,613 INFO o.a.j.t.JMeterThread: Thread started: Thread Group 1-31
2026-02-17 00:32:03,702 INFO o.a.j.t.JMeterThread: Thread started: Thread Group 1-32
2026-02-17 00:32:03,756 INFO o.a.j.t.JMeterThread: Thread started: Thread Group 1-33
2026-02-17 00:32:03,833 INFO o.a.j.t.JMeterThread: Thread started: Thread Group 1-34
2026-02-17 00:32:03,870 INFO o.a.j.t.JMeterThread: Thread started: Thread Group 1-35
2026-02-17 00:32:04,006 INFO o.a.j.t.JMeterThread: Thread started: Thread Group 1-37
2026-02-17 00:32:04,030 INFO o.a.j.t.JMeterThread: Thread started: Thread Group 1-36
2026-02-17 00:32:04,091 INFO o.a.j.t.JMeterThread: Thread started: Thread Group 1-38
2026-02-17 00:32:04,168 INFO o.a.j.t.JMeterThread: Thread started: Thread Group 1-39
2026-02-17 00:32:04,225 INFO o.a.j.t.JMeterThread: Thread started: Thread Group 1-40
2026-02-17 00:32:04,297 INFO o.a.j.t.JMeterThread: Thread started: Thread Group 1-41
2026-02-17 00:32:04,359 INFO o.a.j.t.JMeterThread: Thread started: Thread Group 1-42
2026-02-17 00:32:04,425 INFO o.a.j.t.JMeterThread: Thread started: Thread Group 1-43
2026-02-17 00:32:04,494 INFO o.a.j.t.JMeterThread: Thread started: Thread Group 1-44
2026-02-17 00:32:04,533 INFO o.a.j.t.JMeterThread: Thread started: Thread Group 1-45
2026-02-17 00:32:04,628 INFO o.a.j.t.JMeterThread: Thread started: Thread Group 1-46
2026-02-17 00:32:04,694 INFO o.a.j.t.JMeterThread: Thread started: Thread Group 1-47
2026-02-17 00:32:04,771 INFO o.a.j.t.JMeterThread: Thread started: Thread Group 1-48
2026-02-17 00:32:04,823 INFO o.a.j.t.JMeterThread: Thread started: Thread Group 1-49
2026-02-17 00:32:04,867 INFO o.a.j.t.JMeterThread: Thread started: Thread Group 1-50
2026-02-17 00:32:05,020 INFO o.a.j.t.JMeterThread: Thread started: Thread Group 1-51
2026-02-17 00:32:05,032 INFO o.a.j.t.JMeterThread: Thread started: Thread Group 1-52
2026-02-17 00:32:05,070 INFO o.a.j.t.JMeterThread: Thread started: Thread Group 1-53
2026-02-17 00:32:05,156 INFO o.a.j.t.JMeterThread: Thread started: Thread Group 1-54
2026-02-17 00:32:05,210 INFO o.a.j.t.JMeterThread: Thread started: Thread Group 1-55
2026-02-17 00:32:05,245 INFO o.a.j.t.JMeterThread: Thread started: Thread Group 1-56
2026-02-17 00:32:05,312 INFO o.a.j.t.JMeterThread: Thread started: Thread Group 1-57
2026-02-17 00:32:05,442 INFO o.a.j.t.JMeterThread: Thread started: Thread Group 1-59
2026-02-17 00:32:05,463 INFO o.a.j.t.JMeterThread: Thread started: Thread Group 1-58
2026-02-17 00:32:05,507 INFO o.a.j.t.JMeterThread: Thread started: Thread Group 1-60
2026-02-17 00:32:05,575 INFO o.a.j.t.JMeterThread: Thread started: Thread Group 1-61
2026-02-17 00:32:05,640 INFO o.a.j.t.JMeterThread: Thread started: Thread Group 1-62
2026-02-17 00:32:05,707 INFO o.a.j.t.JMeterThread: Thread started: Thread Group 1-63
2026-02-17 00:32:05,773 INFO o.a.j.t.JMeterThread: Thread started: Thread Group 1-64
2026-02-17 00:32:05,840 INFO o.a.j.t.JMeterThread: Thread started: Thread Group 1-65
2026-02-17 00:32:05,906 INFO o.a.j.t.JMeterThread: Thread started: Thread Group 1-66
2026-02-17 00:32:05,975 INFO o.a.j.t.JMeterThread: Thread started: Thread Group 1-67
2026-02-17 00:32:06,040 INFO o.a.j.t.JMeterThread: Thread started: Thread Group 1-68
2026-02-17 00:32:06,104 INFO o.a.j.t.JMeterThread: Thread started: Thread Group 1-69
2026-02-17 00:32:06,170 INFO o.a.j.t.JMeterThread: Thread started: Thread Group 1-70
2026-02-17 00:32:06,237 INFO o.a.j.t.JMeterThread: Thread started: Thread Group 1-71
2026-02-17 00:32:06,307 INFO o.a.j.t.JMeterThread: Thread started: Thread Group 1-72
2026-02-17 00:32:06,371 INFO o.a.j.t.JMeterThread: Thread started: Thread Group 1-73
2026-02-17 00:32:06,436 INFO o.a.j.t.JMeterThread: Thread started: Thread Group 1-74
2026-02-17 00:32:06,503 INFO o.a.j.t.JMeterThread: Thread started: Thread Group 1-75
2026-02-17 00:32:06,568 INFO o.a.j.t.JMeterThread: Thread started: Thread Group 1-76
2026-02-17 00:32:06,634 INFO o.a.j.t.JMeterThread: Thread started: Thread Group 1-77
2026-02-17 00:32:06,700 INFO o.a.j.t.JMeterThread: Thread started: Thread Group 1-78
2026-02-17 00:32:06,767 INFO o.a.j.t.JMeterThread: Thread started: Thread Group 1-79
2026-02-17 00:32:06,834 INFO o.a.j.t.JMeterThread: Thread started: Thread Group 1-80
2026-02-17 00:32:06,899 INFO o.a.j.t.JMeterThread: Thread started: Thread Group 1-81
2026-02-17 00:32:06,966 INFO o.a.j.t.JMeterThread: Thread started: Thread Group 1-82
2026-02-17 00:32:07,032 INFO o.a.j.t.JMeterThread: Thread started: Thread Group 1-83
2026-02-17 00:32:07,096 INFO o.a.j.t.JMeterThread: Thread started: Thread Group 1-84
2026-02-17 00:32:07,170 INFO o.a.j.t.JMeterThread: Thread started: Thread Group 1-85
2026-02-17 00:32:07,231 INFO o.a.j.t.JMeterThread: Thread started: Thread Group 1-86
2026-02-17 00:32:07,374 INFO o.a.j.t.JMeterThread: Thread started: Thread Group 1-87
2026-02-17 00:32:07,427 INFO o.a.j.t.JMeterThread: Thread started: Thread Group 1-89
2026-02-17 00:32:07,441 INFO o.a.j.t.JMeterThread: Thread started: Thread Group 1-88
2026-02-17 00:32:07,574 INFO o.a.j.t.JMeterThread: Thread started: Thread Group 1-90
2026-02-17 00:32:07,640 INFO o.a.j.t.JMeterThread: Thread started: Thread Group 1-91
2026-02-17 00:32:07,708 INFO o.a.j.t.JMeterThread: Thread started: Thread Group 1-92
2026-02-17 00:32:07,776 INFO o.a.j.t.JMeterThread: Thread started: Thread Group 1-93
2026-02-17 00:32:07,845 INFO o.a.j.t.JMeterThread: Thread started: Thread Group 1-94
2026-02-17 00:32:07,912 INFO o.a.j.t.JMeterThread: Thread started: Thread Group 1-95
2026-02-17 00:32:07,984 INFO o.a.j.t.JMeterThread: Thread started: Thread Group 1-96
2026-02-17 00:32:08,051 INFO o.a.j.t.JMeterThread: Thread started: Thread Group 1-97
2026-02-17 00:32:08,118 INFO o.a.j.t.JMeterThread: Thread started: Thread Group 1-98
2026-02-17 00:32:08,187 INFO o.a.j.t.JMeterThread: Thread started: Thread Group 1-99
2026-02-17 00:32:08,253 INFO o.a.j.t.JMeterThread: Thread started: Thread Group 1-100
2026-02-17 00:32:08,321 INFO o.a.j.t.JMeterThread: Thread started: Thread Group 1-101
2026-02-17 00:32:08,387 INFO o.a.j.t.JMeterThread: Thread started: Thread Group 1-102
2026-02-17 00:32:08,452 INFO o.a.j.t.JMeterThread: Thread started: Thread Group 1-103
2026-02-17 00:32:08,520 INFO o.a.j.t.JMeterThread: Thread started: Thread Group 1-104
2026-02-17 00:32:08,588 INFO o.a.j.t.JMeterThread: Thread started: Thread Group 1-105
2026-02-17 00:32:08,654 INFO o.a.j.t.JMeterThread: Thread started: Thread Group 1-106
2026-02-17 00:32:08,721 INFO o.a.j.t.JMeterThread: Thread started: Thread Group 1-107
2026-02-17 00:32:08,788 INFO o.a.j.t.JMeterThread: Thread started: Thread Group 1-108
2026-02-17 00:32:08,853 INFO o.a.j.t.JMeterThread: Thread started: Thread Group 1-109
2026-02-17 00:32:08,921 INFO o.a.j.t.JMeterThread: Thread started: Thread Group 1-110
2026-02-17 00:32:08,988 INFO o.a.j.t.JMeterThread: Thread started: Thread Group 1-111
2026-02-17 00:32:09,056 INFO o.a.j.t.JMeterThread: Thread started: Thread Group 1-112
2026-02-17 00:32:09,127 INFO o.a.j.t.JMeterThread: Thread started: Thread Group 1-113
2026-02-17 00:32:09,166 INFO o.a.j.t.JMeterThread: Thread started: Thread Group 1-115
2026-02-17 00:32:09,189 INFO o.a.j.t.JMeterThread: Thread started: Thread Group 1-114
2026-02-17 00:32:09,232 INFO o.a.j.t.JMeterThread: Thread started: Thread Group 1-116
2026-02-17 00:32:09,389 INFO o.a.j.t.JMeterThread: Thread started: Thread Group 1-117
2026-02-17 00:32:09,458 INFO o.a.j.t.JMeterThread: Thread started: Thread Group 1-118
2026-02-17 00:32:09,522 INFO o.a.j.t.JMeterThread: Thread started: Thread Group 1-119
2026-02-17 00:32:09,588 INFO o.a.j.t.JMeterThread: Thread started: Thread Group 1-120
2026-02-17 00:32:09,653 INFO o.a.j.t.JMeterThread: Thread started: Thread Group 1-121
2026-02-17 00:32:09,720 INFO o.a.j.t.JMeterThread: Thread started: Thread Group 1-122
2026-02-17 00:32:09,787 INFO o.a.j.t.JMeterThread: Thread started: Thread Group 1-123
2026-02-17 00:32:09,853 INFO o.a.j.t.JMeterThread: Thread started: Thread Group 1-124
2026-02-17 00:32:09,901 INFO o.a.j.t.JMeterThread: Thread started: Thread Group 1-125
2026-02-17 00:32:09,983 INFO o.a.j.t.JMeterThread: Thread started: Thread Group 1-126
2026-02-17 00:32:10,051 INFO o.a.j.t.JMeterThread: Thread started: Thread Group 1-127
2026-02-17 00:32:10,114 INFO o.a.j.t.JMeterThread: Thread started: Thread Group 1-128
2026-02-17 00:32:10,193 INFO o.a.j.t.JMeterThread: Thread started: Thread Group 1-129
2026-02-17 00:32:10,248 INFO o.a.j.t.JMeterThread: Thread started: Thread Group 1-130
2026-02-17 00:32:10,314 INFO o.a.j.t.JMeterThread: Thread started: Thread Group 1-131
2026-02-17 00:32:10,381 INFO o.a.j.t.JMeterThread: Thread started: Thread Group 1-132
2026-02-17 00:32:10,446 INFO o.a.j.t.JMeterThread: Thread started: Thread Group 1-133
2026-02-17 00:32:10,513 INFO o.a.j.t.JMeterThread: Thread started: Thread Group 1-134
2026-02-17 00:32:10,579 INFO o.a.j.t.JMeterThread: Thread started: Thread Group 1-135
2026-02-17 00:32:10,638 INFO o.a.j.t.JMeterThread: Thread started: Thread Group 1-136
2026-02-17 00:32:10,702 INFO o.a.j.t.JMeterThread: Thread started: Thread Group 1-137
2026-02-17 00:32:10,767 INFO o.a.j.t.JMeterThread: Thread started: Thread Group 1-138
2026-02-17 00:32:10,833 INFO o.a.j.t.JMeterThread: Thread started: Thread Group 1-139
2026-02-17 00:32:10,900 INFO o.a.j.t.JMeterThread: Thread started: Thread Group 1-140
2026-02-17 00:32:10,966 INFO o.a.j.t.JMeterThread: Thread started: Thread Group 1-141
2026-02-17 00:32:11,033 INFO o.a.j.t.JMeterThread: Thread started: Thread Group 1-142
2026-02-17 00:32:11,086 INFO o.a.j.t.JMeterThread: Thread started: Thread Group 1-144
2026-02-17 00:32:11,100 INFO o.a.j.t.JMeterThread: Thread started: Thread Group 1-143
2026-02-17 00:32:11,154 INFO o.a.j.t.JMeterThread: Thread started: Thread Group 1-145
2026-02-17 00:32:11,223 INFO o.a.j.t.JMeterThread: Thread started: Thread Group 1-146
2026-02-17 00:32:11,279 INFO o.a.j.t.JMeterThread: Thread started: Thread Group 1-147
2026-02-17 00:32:11,347 INFO o.a.j.t.JMeterThread: Thread started: Thread Group 1-148
2026-02-17 00:32:11,415 INFO o.a.j.t.JMeterThread: Thread started: Thread Group 1-149
2026-02-17 00:32:11,481 INFO o.a.j.t.JMeterThread: Thread started: Thread Group 1-150
2026-02-17 00:32:11,547 INFO o.a.j.t.JMeterThread: Thread started: Thread Group 1-151
2026-02-17 00:32:11,617 INFO o.a.j.t.JMeterThread: Thread started: Thread Group 1-152
2026-02-17 00:32:11,680 INFO o.a.j.t.JMeterThread: Thread started: Thread Group 1-153
2026-02-17 00:32:11,746 INFO o.a.j.t.JMeterThread: Thread started: Thread Group 1-154
2026-02-17 00:32:11,813 INFO o.a.j.t.JMeterThread: Thread started: Thread Group 1-155
2026-02-17 00:32:11,893 INFO o.a.j.t.JMeterThread: Thread started: Thread Group 1-156
2026-02-17 00:32:11,949 INFO o.a.j.t.JMeterThread: Thread started: Thread Group 1-157
2026-02-17 00:32:12,017 INFO o.a.j.t.JMeterThread: Thread started: Thread Group 1-158
2026-02-17 00:32:12,083 INFO o.a.j.t.JMeterThread: Thread started: Thread Group 1-159
2026-02-17 00:32:12,146 INFO o.a.j.t.JMeterThread: Thread started: Thread Group 1-160
2026-02-17 00:32:12,278 INFO o.a.j.t.JMeterThread: Thread started: Thread Group 1-162
2026-02-17 00:32:12,290 INFO o.a.j.t.JMeterThread: Thread started: Thread Group 1-161
2026-02-17 00:32:12,439 INFO o.a.j.t.JMeterThread: Thread started: Thread Group 1-163
2026-02-17 00:32:12,505 INFO o.a.j.t.JMeterThread: Thread started: Thread Group 1-164
2026-02-17 00:32:12,572 INFO o.a.j.t.JMeterThread: Thread started: Thread Group 1-165
2026-02-17 00:32:12,637 INFO o.a.j.t.JMeterThread: Thread started: Thread Group 1-166
2026-02-17 00:32:12,707 INFO o.a.j.t.JMeterThread: Thread started: Thread Group 1-167
2026-02-17 00:32:12,769 INFO o.a.j.t.JMeterThread: Thread started: Thread Group 1-168
2026-02-17 00:32:12,838 INFO o.a.j.t.JMeterThread: Thread started: Thread Group 1-169
2026-02-17 00:32:12,903 INFO o.a.j.t.JMeterThread: Thread started: Thread Group 1-170
2026-02-17 00:32:12,968 INFO o.a.j.t.JMeterThread: Thread started: Thread Group 1-171
2026-02-17 00:32:13,035 INFO o.a.j.t.JMeterThread: Thread started: Thread Group 1-172
2026-02-17 00:32:13,102 INFO o.a.j.t.JMeterThread: Thread started: Thread Group 1-173
2026-02-17 00:32:13,168 INFO o.a.j.t.JMeterThread: Thread started: Thread Group 1-174
2026-02-17 00:32:13,237 INFO o.a.j.t.JMeterThread: Thread started: Thread Group 1-175
2026-02-17 00:32:13,304 INFO o.a.j.t.JMeterThread: Thread started: Thread Group 1-176
2026-02-17 00:32:13,370 INFO o.a.j.t.JMeterThread: Thread started: Thread Group 1-177
2026-02-17 00:32:13,436 INFO o.a.j.t.JMeterThread: Thread started: Thread Group 1-178
2026-02-17 00:32:13,501 INFO o.a.j.t.JMeterThread: Thread started: Thread Group 1-179
2026-02-17 00:32:13,568 INFO o.a.j.t.JMeterThread: Thread started: Thread Group 1-180
2026-02-17 00:32:13,636 INFO o.a.j.t.JMeterThread: Thread started: Thread Group 1-181
2026-02-17 00:32:13,703 INFO o.a.j.t.JMeterThread: Thread started: Thread Group 1-182
2026-02-17 00:32:13,769 INFO o.a.j.t.JMeterThread: Thread started: Thread Group 1-183
2026-02-17 00:32:13,836 INFO o.a.j.t.JMeterThread: Thread started: Thread Group 1-184
2026-02-17 00:32:13,903 INFO o.a.j.t.JMeterThread: Thread started: Thread Group 1-185
2026-02-17 00:32:13,969 INFO o.a.j.t.JMeterThread: Thread started: Thread Group 1-186
2026-02-17 00:32:14,035 INFO o.a.j.t.JMeterThread: Thread started: Thread Group 1-187
2026-02-17 00:32:14,101 INFO o.a.j.t.JMeterThread: Thread started: Thread Group 1-188
2026-02-17 00:32:14,168 INFO o.a.j.t.JMeterThread: Thread started: Thread Group 1-189
2026-02-17 00:32:14,235 INFO o.a.j.t.JMeterThread: Thread started: Thread Group 1-190
2026-02-17 00:32:14,302 INFO o.a.j.t.JMeterThread: Thread started: Thread Group 1-191
2026-02-17 00:32:14,305 INFO o.a.j.t.JMeterThread: Thread started: Thread Group 1-193
2026-02-17 00:32:14,367 INFO o.a.j.t.JMeterThread: Thread started: Thread Group 1-192
2026-02-17 00:32:14,468 INFO o.a.j.t.JMeterThread: Thread started: Thread Group 1-194
2026-02-17 00:32:14,512 INFO o.a.j.t.JMeterThread: Thread started: Thread Group 1-195
2026-02-17 00:32:14,569 INFO o.a.j.t.JMeterThread: Thread started: Thread Group 1-196
2026-02-17 00:32:14,664 INFO o.a.j.t.JMeterThread: Thread started: Thread Group 1-197
2026-02-17 00:32:14,713 INFO o.a.j.t.JMeterThread: Thread started: Thread Group 1-198
2026-02-17 00:32:14,771 INFO o.a.j.t.JMeterThread: Thread started: Thread Group 1-200
2026-02-17 00:32:14,782 INFO o.a.j.t.JMeterThread: Thread started: Thread Group 1-199
2026-02-17 00:32:14,836 INFO o.a.j.t.JMeterThread: Thread started: Thread Group 1-201
2026-02-17 00:32:14,913 INFO o.a.j.t.JMeterThread: Thread started: Thread Group 1-202
2026-02-17 00:32:14,969 INFO o.a.j.t.JMeterThread: Thread started: Thread Group 1-203
2026-02-17 00:32:15,036 INFO o.a.j.t.JMeterThread: Thread started: Thread Group 1-204
2026-02-17 00:32:15,103 INFO o.a.j.t.JMeterThread: Thread started: Thread Group 1-205
2026-02-17 00:32:15,172 INFO o.a.j.t.JMeterThread: Thread started: Thread Group 1-206
2026-02-17 00:32:15,237 INFO o.a.j.t.JMeterThread: Thread started: Thread Group 1-207
2026-02-17 00:32:15,306 INFO o.a.j.t.JMeterThread: Thread started: Thread Group 1-208
2026-02-17 00:32:15,371 INFO o.a.j.t.JMeterThread: Thread started: Thread Group 1-209
2026-02-17 00:32:15,439 INFO o.a.j.t.JMeterThread: Thread started: Thread Group 1-210
2026-02-17 00:32:15,505 INFO o.a.j.t.JMeterThread: Thread started: Thread Group 1-211
2026-02-17 00:32:15,571 INFO o.a.j.t.JMeterThread: Thread started: Thread Group 1-212
2026-02-17 00:32:15,642 INFO o.a.j.t.JMeterThread: Thread started: Thread Group 1-213
2026-02-17 00:32:15,705 INFO o.a.j.t.JMeterThread: Thread started: Thread Group 1-214
2026-02-17 00:32:15,807 INFO o.a.j.t.JMeterThread: Thread started: Thread Group 1-215
2026-02-17 00:32:15,845 INFO o.a.j.t.JMeterThread: Thread started: Thread Group 1-216
2026-02-17 00:32:15,905 INFO o.a.j.t.JMeterThread: Thread started: Thread Group 1-217
2026-02-17 00:32:15,972 INFO o.a.j.t.JMeterThread: Thread started: Thread Group 1-218
2026-02-17 00:32:16,039 INFO o.a.j.t.JMeterThread: Thread started: Thread Group 1-219
2026-02-17 00:32:16,106 INFO o.a.j.t.JMeterThread: Thread started: Thread Group 1-220
2026-02-17 00:32:16,177 INFO o.a.j.t.JMeterThread: Thread started: Thread Group 1-221
2026-02-17 00:32:16,242 INFO o.a.j.t.JMeterThread: Thread started: Thread Group 1-222
2026-02-17 00:32:16,375 INFO o.a.j.t.JMeterThread: Thread started: Thread Group 1-224
2026-02-17 00:32:16,395 INFO o.a.j.t.JMeterThread: Thread started: Thread Group 1-223
2026-02-17 00:32:16,442 INFO o.a.j.t.JMeterThread: Thread started: Thread Group 1-225
2026-02-17 00:32:16,509 INFO o.a.j.t.JMeterThread: Thread started: Thread Group 1-226
2026-02-17 00:32:16,580 INFO o.a.j.t.JMeterThread: Thread started: Thread Group 1-227
2026-02-17 00:32:16,645 INFO o.a.j.t.JMeterThread: Thread started: Thread Group 1-228
2026-02-17 00:32:16,712 INFO o.a.j.t.JMeterThread: Thread started: Thread Group 1-229
2026-02-17 00:32:16,779 INFO o.a.j.t.JMeterThread: Thread started: Thread Group 1-230
2026-02-17 00:32:16,843 INFO o.a.j.t.JMeterThread: Thread started: Thread Group 1-231
2026-02-17 00:32:16,912 INFO o.a.j.t.JMeterThread: Thread started: Thread Group 1-232
2026-02-17 00:32:16,980 INFO o.a.j.t.JMeterThread: Thread started: Thread Group 1-233
2026-02-17 00:32:17,045 INFO o.a.j.t.JMeterThread: Thread started: Thread Group 1-234
2026-02-17 00:32:17,113 INFO o.a.j.t.JMeterThread: Thread started: Thread Group 1-235
2026-02-17 00:32:17,183 INFO o.a.j.t.JMeterThread: Thread started: Thread Group 1-236
2026-02-17 00:32:17,251 INFO o.a.j.t.JMeterThread: Thread started: Thread Group 1-237
2026-02-17 00:32:17,380 INFO o.a.j.t.JMeterThread: Thread started: Thread Group 1-238
2026-02-17 00:32:17,386 INFO o.a.j.t.JMeterThread: Thread started: Thread Group 1-239
2026-02-17 00:32:17,451 INFO o.a.j.t.JMeterThread: Thread started: Thread Group 1-240
2026-02-17 00:32:17,521 INFO o.a.j.t.JMeterThread: Thread started: Thread Group 1-241
2026-02-17 00:32:17,599 INFO o.a.j.t.JMeterThread: Thread started: Thread Group 1-242
2026-02-17 00:32:17,667 INFO o.a.j.t.JMeterThread: Thread started: Thread Group 1-243
2026-02-17 00:32:17,743 INFO o.a.j.t.JMeterThread: Thread started: Thread Group 1-244
2026-02-17 00:32:17,802 INFO o.a.j.t.JMeterThread: Thread started: Thread Group 1-245
2026-02-17 00:32:17,871 INFO o.a.j.t.JMeterThread: Thread started: Thread Group 1-246
2026-02-17 00:32:17,939 INFO o.a.j.t.JMeterThread: Thread started: Thread Group 1-247
2026-02-17 00:32:18,004 INFO o.a.j.t.JMeterThread: Thread started: Thread Group 1-248
2026-02-17 00:32:18,069 INFO o.a.j.t.JMeterThread: Thread started: Thread Group 1-249
2026-02-17 00:32:18,137 INFO o.a.j.t.JMeterThread: Thread started: Thread Group 1-250
2026-02-17 00:32:18,205 INFO o.a.j.t.JMeterThread: Thread started: Thread Group 1-251
2026-02-17 00:32:18,272 INFO o.a.j.t.JMeterThread: Thread started: Thread Group 1-252
2026-02-17 00:32:18,393 INFO o.a.j.t.JMeterThread: Thread started: Thread Group 1-253
2026-02-17 00:32:18,406 INFO o.a.j.t.JMeterThread: Thread started: Thread Group 1-254
2026-02-17 00:32:18,474 INFO o.a.j.t.JMeterThread: Thread started: Thread Group 1-255
2026-02-17 00:32:18,541 INFO o.a.j.t.JMeterThread: Thread started: Thread Group 1-256
2026-02-17 00:32:18,608 INFO o.a.j.t.JMeterThread: Thread started: Thread Group 1-257
2026-02-17 00:32:18,675 INFO o.a.j.t.JMeterThread: Thread started: Thread Group 1-258
2026-02-17 00:32:18,743 INFO o.a.j.t.JMeterThread: Thread started: Thread Group 1-259
2026-02-17 00:32:18,812 INFO o.a.j.t.JMeterThread: Thread started: Thread Group 1-260
2026-02-17 00:32:18,879 INFO o.a.j.t.JMeterThread: Thread started: Thread Group 1-261
2026-02-17 00:32:18,946 INFO o.a.j.t.JMeterThread: Thread started: Thread Group 1-262
2026-02-17 00:32:19,013 INFO o.a.j.t.JMeterThread: Thread started: Thread Group 1-263
2026-02-17 00:32:19,081 INFO o.a.j.t.JMeterThread: Thread started: Thread Group 1-264
2026-02-17 00:32:19,148 INFO o.a.j.t.JMeterThread: Thread started: Thread Group 1-265
2026-02-17 00:32:19,216 INFO o.a.j.t.JMeterThread: Thread started: Thread Group 1-266
2026-02-17 00:32:19,285 INFO o.a.j.t.JMeterThread: Thread started: Thread Group 1-267
2026-02-17 00:32:19,348 INFO o.a.j.t.JMeterThread: Thread started: Thread Group 1-268
2026-02-17 00:32:19,416 INFO o.a.j.t.JMeterThread: Thread started: Thread Group 1-269
2026-02-17 00:32:19,484 INFO o.a.j.t.JMeterThread: Thread started: Thread Group 1-270
2026-02-17 00:32:19,552 INFO o.a.j.t.JMeterThread: Thread started: Thread Group 1-271
2026-02-17 00:32:19,620 INFO o.a.j.t.JMeterThread: Thread started: Thread Group 1-272
2026-02-17 00:32:19,688 INFO o.a.j.t.JMeterThread: Thread started: Thread Group 1-273
2026-02-17 00:32:19,756 INFO o.a.j.t.JMeterThread: Thread started: Thread Group 1-274
2026-02-17 00:32:19,825 INFO o.a.j.t.JMeterThread: Thread started: Thread Group 1-275
2026-02-17 00:32:19,894 INFO o.a.j.t.JMeterThread: Thread started: Thread Group 1-276
2026-02-17 00:32:19,958 INFO o.a.j.t.JMeterThread: Thread started: Thread Group 1-277
2026-02-17 00:32:20,027 INFO o.a.j.t.JMeterThread: Thread started: Thread Group 1-278
2026-02-17 00:32:20,109 INFO o.a.j.t.JMeterThread: Thread started: Thread Group 1-279
2026-02-17 00:32:20,179 INFO o.a.j.t.JMeterThread: Thread started: Thread Group 1-280
2026-02-17 00:32:20,228 INFO o.a.j.t.JMeterThread: Thread started: Thread Group 1-281
2026-02-17 00:32:20,296 INFO o.a.j.t.JMeterThread: Thread started: Thread Group 1-282
2026-02-17 00:32:20,362 INFO o.a.j.t.JMeterThread: Thread started: Thread Group 1-283
2026-02-17 00:32:20,431 INFO o.a.j.t.JMeterThread: Thread started: Thread Group 1-284
2026-02-17 00:32:20,498 INFO o.a.j.t.JMeterThread: Thread started: Thread Group 1-285
2026-02-17 00:32:20,565 INFO o.a.j.t.JMeterThread: Thread started: Thread Group 1-286
2026-02-17 00:32:20,635 INFO o.a.j.t.JMeterThread: Thread started: Thread Group 1-287
2026-02-17 00:32:20,705 INFO o.a.j.t.JMeterThread: Thread started: Thread Group 1-288
2026-02-17 00:32:20,770 INFO o.a.j.t.JMeterThread: Thread started: Thread Group 1-289
2026-02-17 00:32:20,838 INFO o.a.j.t.JMeterThread: Thread started: Thread Group 1-290
2026-02-17 00:32:20,914 INFO o.a.j.t.JMeterThread: Thread started: Thread Group 1-291
2026-02-17 00:32:20,973 INFO o.a.j.t.JMeterThread: Thread started: Thread Group 1-292
2026-02-17 00:32:21,046 INFO o.a.j.t.JMeterThread: Thread started: Thread Group 1-293
2026-02-17 00:32:21,111 INFO o.a.j.t.JMeterThread: Thread started: Thread Group 1-294
2026-02-17 00:32:21,175 INFO o.a.j.t.JMeterThread: Thread started: Thread Group 1-295
2026-02-17 00:32:21,245 INFO o.a.j.t.JMeterThread: Thread started: Thread Group 1-296
2026-02-17 00:32:21,314 INFO o.a.j.t.JMeterThread: Thread started: Thread Group 1-297
2026-02-17 00:32:21,381 INFO o.a.j.t.JMeterThread: Thread started: Thread Group 1-298
2026-02-17 00:32:21,449 INFO o.a.j.t.JMeterThread: Thread started: Thread Group 1-299
2026-02-17 00:32:21,514 INFO o.a.j.t.JMeterThread: Thread started: Thread Group 1-300
2026-02-17 00:32:30,113 INFO o.a.j.r.Summariser: summary +    803 in 00:00:27 =   29.9/s Avg:   377 Min:   329 Max:  1415 Err:     0 (0.00%) Active: 300 Started: 300 Finished: 0
2026-02-17 00:32:30,113 INFO o.a.j.r.Summariser: summary =    804 in 00:00:29 =   27.8/s Avg:   378 Min:   329 Max:  1415 Err:     0 (0.00%)
2026-02-17 00:33:00,063 INFO o.a.j.r.Summariser: summary +    600 in 00:00:30 =   20.0/s Avg:   354 Min:   328 Max:  1353 Err:     0 (0.00%) Active: 300 Started: 300 Finished: 0
2026-02-17 00:33:00,063 INFO o.a.j.r.Summariser: summary =   1404 in 00:00:59 =   23.9/s Avg:   368 Min:   328 Max:  1415 Err:     0 (0.00%)
2026-02-17 00:33:30,049 INFO o.a.j.r.Summariser: summary +    600 in 00:00:30 =   20.0/s Avg:   365 Min:   332 Max:   584 Err:     0 (0.00%) Active: 300 Started: 300 Finished: 0
2026-02-17 00:33:30,050 INFO o.a.j.r.Summariser: summary =   2004 in 00:01:29 =   22.6/s Avg:   367 Min:   328 Max:  1415 Err:     0 (0.00%)
2026-02-17 00:34:00,047 INFO o.a.j.r.Summariser: summary +    600 in 00:00:30 =   20.0/s Avg:   358 Min:   330 Max:   510 Err:     0 (0.00%) Active: 300 Started: 300 Finished: 0
2026-02-17 00:34:00,048 INFO o.a.j.r.Summariser: summary =   2604 in 00:01:59 =   21.9/s Avg:   365 Min:   328 Max:  1415 Err:     0 (0.00%)
2026-02-17 00:34:30,036 INFO o.a.j.r.Summariser: summary +    600 in 00:00:30 =   20.0/s Avg:   350 Min:   330 Max:   473 Err:     0 (0.00%) Active: 300 Started: 300 Finished: 0
2026-02-17 00:34:30,038 INFO o.a.j.r.Summariser: summary =   3204 in 00:02:29 =   21.5/s Avg:   362 Min:   328 Max:  1415 Err:     0 (0.00%)
2026-02-17 00:35:00,085 INFO o.a.j.r.Summariser: summary +    600 in 00:00:30 =   20.0/s Avg:   354 Min:   330 Max:   654 Err:     0 (0.00%) Active: 300 Started: 300 Finished: 0
2026-02-17 00:35:00,089 INFO o.a.j.r.Summariser: summary =   3804 in 00:02:59 =   21.3/s Avg:   361 Min:   328 Max:  1415 Err:     0 (0.00%)
2026-02-17 00:35:30,039 INFO o.a.j.r.Summariser: summary +    600 in 00:00:30 =   20.0/s Avg:   351 Min:   329 Max:   556 Err:     0 (0.00%) Active: 300 Started: 300 Finished: 0
2026-02-17 00:35:30,040 INFO o.a.j.r.Summariser: summary =   4404 in 00:03:29 =   21.1/s Avg:   360 Min:   328 Max:  1415 Err:     0 (0.00%)
2026-02-17 00:36:00,044 INFO o.a.j.r.Summariser: summary +    600 in 00:00:30 =   20.0/s Avg:   356 Min:   329 Max:   583 Err:     0 (0.00%) Active: 300 Started: 300 Finished: 0
2026-02-17 00:36:00,045 INFO o.a.j.r.Summariser: summary =   5004 in 00:03:59 =   21.0/s Avg:   359 Min:   328 Max:  1415 Err:     0 (0.00%)
2026-02-17 00:36:30,063 INFO o.a.j.r.Summariser: summary +    600 in 00:00:30 =   20.0/s Avg:   349 Min:   330 Max:   448 Err:     0 (0.00%) Active: 300 Started: 300 Finished: 0
2026-02-17 00:36:30,064 INFO o.a.j.r.Summariser: summary =   5604 in 00:04:29 =   20.8/s Avg:   358 Min:   328 Max:  1415 Err:     0 (0.00%)
2026-02-17 00:36:46,727 INFO o.a.j.t.JMeterThread: Thread finished: Thread Group 1-23
2026-02-17 00:36:46,854 INFO o.a.j.t.JMeterThread: Thread finished: Thread Group 1-142
2026-02-17 00:36:46,925 INFO o.a.j.t.JMeterThread: Thread finished: Thread Group 1-43
2026-02-17 00:36:46,929 INFO o.a.j.t.JMeterThread: Thread finished: Thread Group 1-80
2026-02-17 00:36:46,931 INFO o.a.j.t.JMeterThread: Thread finished: Thread Group 1-144
2026-02-17 00:36:47,001 INFO o.a.j.t.JMeterThread: Thread finished: Thread Group 1-143
2026-02-17 00:36:47,096 INFO o.a.j.t.JMeterThread: Thread finished: Thread Group 1-145
2026-02-17 00:36:47,180 INFO o.a.j.t.JMeterThread: Thread finished: Thread Group 1-258
2026-02-17 00:36:47,310 INFO o.a.j.t.JMeterThread: Thread finished: Thread Group 1-81
2026-02-17 00:36:47,347 INFO o.a.j.t.JMeterThread: Thread finished: Thread Group 1-146
2026-02-17 00:36:47,379 INFO o.a.j.t.JMeterThread: Thread finished: Thread Group 1-259
2026-02-17 00:36:47,430 INFO o.a.j.t.JMeterThread: Thread finished: Thread Group 1-44
2026-02-17 00:36:47,437 INFO o.a.j.t.JMeterThread: Thread finished: Thread Group 1-260
2026-02-17 00:36:47,531 INFO o.a.j.t.JMeterThread: Thread finished: Thread Group 1-82
2026-02-17 00:36:47,533 INFO o.a.j.t.JMeterThread: Thread finished: Thread Group 1-261
2026-02-17 00:36:47,565 INFO o.a.j.t.JMeterThread: Thread finished: Thread Group 1-147
2026-02-17 00:36:47,667 INFO o.a.j.t.JMeterThread: Thread finished: Thread Group 1-262
2026-02-17 00:36:47,751 INFO o.a.j.t.JMeterThread: Thread finished: Thread Group 1-148
2026-02-17 00:36:47,775 INFO o.a.j.t.JMeterThread: Thread finished: Thread Group 1-263
2026-02-17 00:36:47,870 INFO o.a.j.t.JMeterThread: Thread finished: Thread Group 1-264
2026-02-17 00:36:47,870 INFO o.a.j.t.JMeterThread: Thread finished: Thread Group 1-45
2026-02-17 00:36:47,872 INFO o.a.j.t.JMeterThread: Thread finished: Thread Group 1-83
2026-02-17 00:36:47,907 INFO o.a.j.t.JMeterThread: Thread finished: Thread Group 1-149
2026-02-17 00:36:47,985 INFO o.a.j.t.JMeterThread: Thread finished: Thread Group 1-265
2026-02-17 00:36:48,115 INFO o.a.j.t.JMeterThread: Thread finished: Thread Group 1-266
2026-02-17 00:36:48,127 INFO o.a.j.t.JMeterThread: Thread finished: Thread Group 1-150
2026-02-17 00:36:48,135 INFO o.a.j.t.JMeterThread: Thread finished: Thread Group 1-84
2026-02-17 00:36:48,218 INFO o.a.j.t.JMeterThread: Thread finished: Thread Group 1-267
2026-02-17 00:36:48,339 INFO o.a.j.t.JMeterThread: Thread finished: Thread Group 1-151
2026-02-17 00:36:48,344 INFO o.a.j.t.JMeterThread: Thread finished: Thread Group 1-268
2026-02-17 00:36:48,359 INFO o.a.j.t.JMeterThread: Thread finished: Thread Group 1-24
2026-02-17 00:36:48,366 INFO o.a.j.t.JMeterThread: Thread finished: Thread Group 1-46
2026-02-17 00:36:48,452 INFO o.a.j.t.JMeterThread: Thread finished: Thread Group 1-269
2026-02-17 00:36:48,508 INFO o.a.j.t.JMeterThread: Thread finished: Thread Group 1-152
2026-02-17 00:36:48,519 INFO o.a.j.t.JMeterThread: Thread finished: Thread Group 1-85
2026-02-17 00:36:48,578 INFO o.a.j.t.JMeterThread: Thread finished: Thread Group 1-270
2026-02-17 00:36:48,695 INFO o.a.j.t.JMeterThread: Thread finished: Thread Group 1-271
2026-02-17 00:36:48,724 INFO o.a.j.t.JMeterThread: Thread finished: Thread Group 1-153
2026-02-17 00:36:48,724 INFO o.a.j.t.JMeterThread: Thread finished: Thread Group 1-86
2026-02-17 00:36:48,812 INFO o.a.j.t.JMeterThread: Thread finished: Thread Group 1-272
2026-02-17 00:36:48,933 INFO o.a.j.t.JMeterThread: Thread finished: Thread Group 1-273
2026-02-17 00:36:48,940 INFO o.a.j.t.JMeterThread: Thread finished: Thread Group 1-154
2026-02-17 00:36:49,047 INFO o.a.j.t.JMeterThread: Thread finished: Thread Group 1-274
2026-02-17 00:36:49,152 INFO o.a.j.t.JMeterThread: Thread finished: Thread Group 1-155
2026-02-17 00:36:49,177 INFO o.a.j.t.JMeterThread: Thread finished: Thread Group 1-275
2026-02-17 00:36:49,182 INFO o.a.j.t.JMeterThread: Thread finished: Thread Group 1-47
2026-02-17 00:36:49,201 INFO o.a.j.t.JMeterThread: Thread finished: Thread Group 1-4
2026-02-17 00:36:49,205 INFO o.a.j.t.JMeterThread: Thread finished: Thread Group 1-1
2026-02-17 00:36:49,443 INFO o.a.j.t.JMeterThread: Thread finished: Thread Group 1-276
2026-02-17 00:36:49,446 INFO o.a.j.t.JMeterThread: Thread finished: Thread Group 1-156
2026-02-17 00:36:49,456 INFO o.a.j.t.JMeterThread: Thread finished: Thread Group 1-277
2026-02-17 00:36:49,521 INFO o.a.j.t.JMeterThread: Thread finished: Thread Group 1-278
2026-02-17 00:36:49,551 INFO o.a.j.t.JMeterThread: Thread finished: Thread Group 1-157
2026-02-17 00:36:49,610 INFO o.a.j.t.JMeterThread: Thread finished: Thread Group 1-2
2026-02-17 00:36:49,613 INFO o.a.j.t.JMeterThread: Thread finished: Thread Group 1-5
2026-02-17 00:36:49,620 INFO o.a.j.t.JMeterThread: Thread finished: Thread Group 1-6
2026-02-17 00:36:49,620 INFO o.a.j.t.JMeterThread: Thread finished: Thread Group 1-87
2026-02-17 00:36:49,635 INFO o.a.j.t.JMeterThread: Thread finished: Thread Group 1-3
2026-02-17 00:36:49,717 INFO o.a.j.t.JMeterThread: Thread finished: Thread Group 1-48
2026-02-17 00:36:49,718 INFO o.a.j.t.JMeterThread: Thread finished: Thread Group 1-158
2026-02-17 00:36:49,718 INFO o.a.j.t.JMeterThread: Thread finished: Thread Group 1-279
2026-02-17 00:36:49,868 INFO o.a.j.t.JMeterThread: Thread finished: Thread Group 1-281
2026-02-17 00:36:49,881 INFO o.a.j.t.JMeterThread: Thread finished: Thread Group 1-159
2026-02-17 00:36:49,886 INFO o.a.j.t.JMeterThread: Thread finished: Thread Group 1-88
2026-02-17 00:36:49,894 INFO o.a.j.t.JMeterThread: Thread finished: Thread Group 1-7
2026-02-17 00:36:50,039 INFO o.a.j.t.JMeterThread: Thread finished: Thread Group 1-160
2026-02-17 00:36:50,112 INFO o.a.j.t.JMeterThread: Thread finished: Thread Group 1-283
2026-02-17 00:36:50,209 INFO o.a.j.t.JMeterThread: Thread finished: Thread Group 1-25
2026-02-17 00:36:50,224 INFO o.a.j.t.JMeterThread: Thread finished: Thread Group 1-49
2026-02-17 00:36:50,347 INFO o.a.j.t.JMeterThread: Thread finished: Thread Group 1-285
2026-02-17 00:36:50,456 INFO o.a.j.t.JMeterThread: Thread finished: Thread Group 1-286
2026-02-17 00:36:50,481 INFO o.a.j.t.JMeterThread: Thread finished: Thread Group 1-162
2026-02-17 00:36:50,487 INFO o.a.j.t.JMeterThread: Thread finished: Thread Group 1-161
2026-02-17 00:36:50,573 INFO o.a.j.t.JMeterThread: Thread finished: Thread Group 1-90
2026-02-17 00:36:50,578 INFO o.a.j.t.JMeterThread: Thread finished: Thread Group 1-287
2026-02-17 00:36:50,695 INFO o.a.j.t.JMeterThread: Thread finished: Thread Group 1-8
2026-02-17 00:36:50,695 INFO o.a.j.t.JMeterThread: Thread finished: Thread Group 1-288
2026-02-17 00:36:50,811 INFO o.a.j.t.JMeterThread: Thread finished: Thread Group 1-50
2026-02-17 00:36:50,811 INFO o.a.j.t.JMeterThread: Thread finished: Thread Group 1-26
2026-02-17 00:36:50,815 INFO o.a.j.t.JMeterThread: Thread finished: Thread Group 1-289
2026-02-17 00:36:50,928 INFO o.a.j.t.JMeterThread: Thread finished: Thread Group 1-163
2026-02-17 00:36:50,930 INFO o.a.j.t.JMeterThread: Thread finished: Thread Group 1-290
2026-02-17 00:36:50,931 INFO o.a.j.t.JMeterThread: Thread finished: Thread Group 1-91
2026-02-17 00:36:51,064 INFO o.a.j.t.JMeterThread: Thread finished: Thread Group 1-291
2026-02-17 00:36:51,102 INFO o.a.j.t.JMeterThread: Thread finished: Thread Group 1-164
2026-02-17 00:36:51,105 INFO o.a.j.t.JMeterThread: Thread finished: Thread Group 1-92
2026-02-17 00:36:51,163 INFO o.a.j.t.JMeterThread: Thread finished: Thread Group 1-292
2026-02-17 00:36:51,278 INFO o.a.j.t.JMeterThread: Thread finished: Thread Group 1-293
2026-02-17 00:36:51,306 INFO o.a.j.t.JMeterThread: Thread finished: Thread Group 1-165
2026-02-17 00:36:51,400 INFO o.a.j.t.JMeterThread: Thread finished: Thread Group 1-294
2026-02-17 00:36:51,523 INFO o.a.j.t.JMeterThread: Thread finished: Thread Group 1-295
2026-02-17 00:36:51,523 INFO o.a.j.t.JMeterThread: Thread finished: Thread Group 1-166
2026-02-17 00:36:51,570 INFO o.a.j.t.JMeterThread: Thread finished: Thread Group 1-93
2026-02-17 00:36:51,586 INFO o.a.j.t.JMeterThread: Thread finished: Thread Group 1-296
2026-02-17 00:36:51,649 INFO o.a.j.t.JMeterThread: Thread finished: Thread Group 1-167
2026-02-17 00:36:51,652 INFO o.a.j.t.JMeterThread: Thread finished: Thread Group 1-297
2026-02-17 00:36:51,655 INFO o.a.j.t.JMeterThread: Thread finished: Thread Group 1-9
2026-02-17 00:36:51,665 INFO o.a.j.t.JMeterThread: Thread finished: Thread Group 1-27
2026-02-17 00:36:51,725 INFO o.a.j.t.JMeterThread: Thread finished: Thread Group 1-298
2026-02-17 00:36:51,761 INFO o.a.j.t.JMeterThread: Thread finished: Thread Group 1-168
2026-02-17 00:36:51,807 INFO o.a.j.t.JMeterThread: Thread finished: Thread Group 1-94
2026-02-17 00:36:51,859 INFO o.a.j.t.JMeterThread: Thread finished: Thread Group 1-300
2026-02-17 00:36:51,881 INFO o.a.j.t.JMeterThread: Thread finished: Thread Group 1-52
2026-02-17 00:36:51,881 INFO o.a.j.t.JMeterThread: Thread finished: Thread Group 1-51
2026-02-17 00:36:52,000 INFO o.a.j.t.JMeterThread: Thread finished: Thread Group 1-170
2026-02-17 00:36:52,016 INFO o.a.j.t.JMeterThread: Thread finished: Thread Group 1-10
2026-02-17 00:36:52,021 INFO o.a.j.t.JMeterThread: Thread finished: Thread Group 1-53
2026-02-17 00:36:52,021 INFO o.a.j.t.JMeterThread: Thread finished: Thread Group 1-95
2026-02-17 00:36:52,026 INFO o.a.j.t.JMeterThread: Thread finished: Thread Group 1-28
2026-02-17 00:36:52,222 INFO o.a.j.t.JMeterThread: Thread finished: Thread Group 1-96
2026-02-17 00:36:52,226 INFO o.a.j.t.JMeterThread: Thread finished: Thread Group 1-172
2026-02-17 00:36:52,366 INFO o.a.j.t.JMeterThread: Thread finished: Thread Group 1-173
2026-02-17 00:36:52,397 INFO o.a.j.t.JMeterThread: Thread finished: Thread Group 1-97
2026-02-17 00:36:52,465 INFO o.a.j.t.JMeterThread: Thread finished: Thread Group 1-174
2026-02-17 00:36:52,588 INFO o.a.j.t.JMeterThread: Thread finished: Thread Group 1-175
2026-02-17 00:36:52,624 INFO o.a.j.t.JMeterThread: Thread finished: Thread Group 1-98
2026-02-17 00:36:52,703 INFO o.a.j.t.JMeterThread: Thread finished: Thread Group 1-54
2026-02-17 00:36:52,711 INFO o.a.j.t.JMeterThread: Thread finished: Thread Group 1-176
2026-02-17 00:36:52,820 INFO o.a.j.t.JMeterThread: Thread finished: Thread Group 1-177
2026-02-17 00:36:52,837 INFO o.a.j.t.JMeterThread: Thread finished: Thread Group 1-99
2026-02-17 00:36:52,857 INFO o.a.j.t.JMeterThread: Thread finished: Thread Group 1-55
2026-02-17 00:36:52,935 INFO o.a.j.t.JMeterThread: Thread finished: Thread Group 1-178
2026-02-17 00:36:53,045 INFO o.a.j.t.JMeterThread: Thread finished: Thread Group 1-100
2026-02-17 00:36:53,055 INFO o.a.j.t.JMeterThread: Thread finished: Thread Group 1-179
2026-02-17 00:36:53,075 INFO o.a.j.t.JMeterThread: Thread finished: Thread Group 1-29
2026-02-17 00:36:53,160 INFO o.a.j.t.JMeterThread: Thread finished: Thread Group 1-180
2026-02-17 00:36:53,194 INFO o.a.j.t.JMeterThread: Thread finished: Thread Group 1-56
2026-02-17 00:36:53,216 INFO o.a.j.t.JMeterThread: Thread finished: Thread Group 1-101
2026-02-17 00:36:53,284 INFO o.a.j.t.JMeterThread: Thread finished: Thread Group 1-181
2026-02-17 00:36:53,395 INFO o.a.j.t.JMeterThread: Thread finished: Thread Group 1-182
2026-02-17 00:36:53,434 INFO o.a.j.t.JMeterThread: Thread finished: Thread Group 1-102
2026-02-17 00:36:53,506 INFO o.a.j.t.JMeterThread: Thread finished: Thread Group 1-30
2026-02-17 00:36:53,506 INFO o.a.j.t.JMeterThread: Thread finished: Thread Group 1-57
2026-02-17 00:36:53,507 INFO o.a.j.t.JMeterThread: Thread finished: Thread Group 1-183
2026-02-17 00:36:53,651 INFO o.a.j.t.JMeterThread: Thread finished: Thread Group 1-184
2026-02-17 00:36:53,661 INFO o.a.j.t.JMeterThread: Thread finished: Thread Group 1-103
2026-02-17 00:36:53,752 INFO o.a.j.t.JMeterThread: Thread finished: Thread Group 1-185
2026-02-17 00:36:53,943 INFO o.a.j.t.JMeterThread: Thread finished: Thread Group 1-31
2026-02-17 00:36:53,944 INFO o.a.j.t.JMeterThread: Thread finished: Thread Group 1-186
2026-02-17 00:36:53,944 INFO o.a.j.t.JMeterThread: Thread finished: Thread Group 1-104
2026-02-17 00:36:54,094 INFO o.a.j.t.JMeterThread: Thread finished: Thread Group 1-187
2026-02-17 00:36:54,107 INFO o.a.j.t.JMeterThread: Thread finished: Thread Group 1-105
2026-02-17 00:36:54,263 INFO o.a.j.t.JMeterThread: Thread finished: Thread Group 1-188
2026-02-17 00:36:54,307 INFO o.a.j.t.JMeterThread: Thread finished: Thread Group 1-189
2026-02-17 00:36:54,307 INFO o.a.j.t.JMeterThread: Thread finished: Thread Group 1-106
2026-02-17 00:36:54,372 INFO o.a.j.t.JMeterThread: Thread finished: Thread Group 1-190
2026-02-17 00:36:54,497 INFO o.a.j.t.JMeterThread: Thread finished: Thread Group 1-191
2026-02-17 00:36:54,497 INFO o.a.j.t.JMeterThread: Thread finished: Thread Group 1-193
2026-02-17 00:36:54,520 INFO o.a.j.t.JMeterThread: Thread finished: Thread Group 1-107
2026-02-17 00:36:54,588 INFO o.a.j.t.JMeterThread: Thread finished: Thread Group 1-59
2026-02-17 00:36:54,614 INFO o.a.j.t.JMeterThread: Thread finished: Thread Group 1-192
2026-02-17 00:36:54,780 INFO o.a.j.t.JMeterThread: Thread finished: Thread Group 1-108
2026-02-17 00:36:54,866 INFO o.a.j.t.JMeterThread: Thread finished: Thread Group 1-194
2026-02-17 00:36:54,910 INFO o.a.j.t.JMeterThread: Thread finished: Thread Group 1-58
2026-02-17 00:36:54,911 INFO o.a.j.t.JMeterThread: Thread finished: Thread Group 1-195
2026-02-17 00:36:55,012 INFO o.a.j.t.JMeterThread: Thread finished: Thread Group 1-196
2026-02-17 00:36:55,092 INFO o.a.j.t.JMeterThread: Thread finished: Thread Group 1-109
2026-02-17 00:36:55,104 INFO o.a.j.t.JMeterThread: Thread finished: Thread Group 1-60
2026-02-17 00:36:55,168 INFO o.a.j.t.JMeterThread: Thread finished: Thread Group 1-197
2026-02-17 00:36:55,274 INFO o.a.j.t.JMeterThread: Thread finished: Thread Group 1-32
2026-02-17 00:36:55,274 INFO o.a.j.t.JMeterThread: Thread finished: Thread Group 1-198
2026-02-17 00:36:55,276 INFO o.a.j.t.JMeterThread: Thread finished: Thread Group 1-110
2026-02-17 00:36:55,371 INFO o.a.j.t.JMeterThread: Thread finished: Thread Group 1-200
2026-02-17 00:36:55,403 INFO o.a.j.t.JMeterThread: Thread finished: Thread Group 1-61
2026-02-17 00:36:55,403 INFO o.a.j.t.JMeterThread: Thread finished: Thread Group 1-199
2026-02-17 00:36:55,409 INFO o.a.j.t.JMeterThread: Thread finished: Thread Group 1-111
2026-02-17 00:36:55,491 INFO o.a.j.t.JMeterThread: Thread finished: Thread Group 1-201
2026-02-17 00:36:55,611 INFO o.a.j.t.JMeterThread: Thread finished: Thread Group 1-62
2026-02-17 00:36:55,615 INFO o.a.j.t.JMeterThread: Thread finished: Thread Group 1-112
2026-02-17 00:36:55,619 INFO o.a.j.t.JMeterThread: Thread finished: Thread Group 1-33
2026-02-17 00:36:55,644 INFO o.a.j.t.JMeterThread: Thread finished: Thread Group 1-14
2026-02-17 00:36:55,648 INFO o.a.j.t.JMeterThread: Thread finished: Thread Group 1-11
2026-02-17 00:36:55,649 INFO o.a.j.t.JMeterThread: Thread finished: Thread Group 1-12
2026-02-17 00:36:55,649 INFO o.a.j.t.JMeterThread: Thread finished: Thread Group 1-202
2026-02-17 00:36:55,649 INFO o.a.j.t.JMeterThread: Thread finished: Thread Group 1-13
2026-02-17 00:36:55,687 INFO o.a.j.t.JMeterThread: Thread finished: Thread Group 1-15
2026-02-17 00:36:55,742 INFO o.a.j.t.JMeterThread: Thread finished: Thread Group 1-203
2026-02-17 00:36:55,742 INFO o.a.j.t.JMeterThread: Thread finished: Thread Group 1-63
2026-02-17 00:36:55,785 INFO o.a.j.t.JMeterThread: Thread finished: Thread Group 1-113
2026-02-17 00:36:55,851 INFO o.a.j.t.JMeterThread: Thread finished: Thread Group 1-204
2026-02-17 00:36:55,871 INFO o.a.j.t.JMeterThread: Thread finished: Thread Group 1-115
2026-02-17 00:36:55,946 INFO o.a.j.t.JMeterThread: Thread finished: Thread Group 1-205
2026-02-17 00:36:55,984 INFO o.a.j.t.JMeterThread: Thread finished: Thread Group 1-114
2026-02-17 00:36:56,073 INFO o.a.j.t.JMeterThread: Thread finished: Thread Group 1-64
2026-02-17 00:36:56,073 INFO o.a.j.t.JMeterThread: Thread finished: Thread Group 1-206
2026-02-17 00:36:56,079 INFO o.a.j.t.JMeterThread: Thread finished: Thread Group 1-116
2026-02-17 00:36:56,082 INFO o.a.j.t.JMeterThread: Thread finished: Thread Group 1-34
2026-02-17 00:36:56,185 INFO o.a.j.t.JMeterThread: Thread finished: Thread Group 1-207
2026-02-17 00:36:56,307 INFO o.a.j.t.JMeterThread: Thread finished: Thread Group 1-208
2026-02-17 00:36:56,422 INFO o.a.j.t.JMeterThread: Thread finished: Thread Group 1-209
2026-02-17 00:36:56,432 INFO o.a.j.t.JMeterThread: Thread finished: Thread Group 1-65
2026-02-17 00:36:56,467 INFO o.a.j.t.JMeterThread: Thread finished: Thread Group 1-35
2026-02-17 00:36:56,682 INFO o.a.j.t.JMeterThread: Thread finished: Thread Group 1-117
2026-02-17 00:36:56,699 INFO o.a.j.t.JMeterThread: Thread finished: Thread Group 1-211
2026-02-17 00:36:56,741 INFO o.a.j.t.JMeterThread: Thread finished: Thread Group 1-210
2026-02-17 00:36:56,764 INFO o.a.j.t.JMeterThread: Thread finished: Thread Group 1-212
2026-02-17 00:36:56,824 INFO o.a.j.t.JMeterThread: Thread finished: Thread Group 1-66
2026-02-17 00:36:56,840 INFO o.a.j.t.JMeterThread: Thread finished: Thread Group 1-118
2026-02-17 00:36:56,916 INFO o.a.j.t.JMeterThread: Thread finished: Thread Group 1-213
2026-02-17 00:36:57,019 INFO o.a.j.t.JMeterThread: Thread finished: Thread Group 1-214
2026-02-17 00:36:57,051 INFO o.a.j.t.JMeterThread: Thread finished: Thread Group 1-119
2026-02-17 00:36:57,181 INFO o.a.j.t.JMeterThread: Thread finished: Thread Group 1-215
2026-02-17 00:36:57,232 INFO o.a.j.t.JMeterThread: Thread finished: Thread Group 1-67
2026-02-17 00:36:57,256 INFO o.a.j.t.JMeterThread: Thread finished: Thread Group 1-18
2026-02-17 00:36:57,256 INFO o.a.j.t.JMeterThread: Thread finished: Thread Group 1-120
2026-02-17 00:36:57,256 INFO o.a.j.t.JMeterThread: Thread finished: Thread Group 1-216
2026-02-17 00:36:57,349 INFO o.a.j.t.JMeterThread: Thread finished: Thread Group 1-217
2026-02-17 00:36:57,415 INFO o.a.j.t.JMeterThread: Thread finished: Thread Group 1-218
2026-02-17 00:36:57,447 INFO o.a.j.t.JMeterThread: Thread finished: Thread Group 1-121
2026-02-17 00:36:57,546 INFO o.a.j.t.JMeterThread: Thread finished: Thread Group 1-219
2026-02-17 00:36:57,572 INFO o.a.j.t.JMeterThread: Thread finished: Thread Group 1-68
2026-02-17 00:36:57,627 INFO o.a.j.t.JMeterThread: Thread finished: Thread Group 1-122
2026-02-17 00:36:57,628 INFO o.a.j.t.JMeterThread: Thread finished: Thread Group 1-37
2026-02-17 00:36:57,706 INFO o.a.j.t.JMeterThread: Thread finished: Thread Group 1-220
2026-02-17 00:36:57,829 INFO o.a.j.t.JMeterThread: Thread finished: Thread Group 1-123
2026-02-17 00:36:57,829 INFO o.a.j.t.JMeterThread: Thread finished: Thread Group 1-221
2026-02-17 00:36:57,851 INFO o.a.j.t.JMeterThread: Thread finished: Thread Group 1-69
2026-02-17 00:36:57,858 INFO o.a.j.t.JMeterThread: Thread finished: Thread Group 1-19
2026-02-17 00:36:57,937 INFO o.a.j.t.JMeterThread: Thread finished: Thread Group 1-222
2026-02-17 00:36:57,969 INFO o.a.j.t.JMeterThread: Thread finished: Thread Group 1-36
2026-02-17 00:36:58,041 INFO o.a.j.t.JMeterThread: Thread finished: Thread Group 1-16
2026-02-17 00:36:58,041 INFO o.a.j.t.JMeterThread: Thread finished: Thread Group 1-124
2026-02-17 00:36:58,100 INFO o.a.j.t.JMeterThread: Thread finished: Thread Group 1-125
2026-02-17 00:36:58,333 INFO o.a.j.t.JMeterThread: Thread finished: Thread Group 1-225
2026-02-17 00:36:58,340 INFO o.a.j.t.JMeterThread: Thread finished: Thread Group 1-223
2026-02-17 00:36:58,362 INFO o.a.j.t.JMeterThread: Thread finished: Thread Group 1-224
2026-02-17 00:36:58,400 INFO o.a.j.t.JMeterThread: Thread finished: Thread Group 1-226
2026-02-17 00:36:58,524 INFO o.a.j.t.JMeterThread: Thread finished: Thread Group 1-227
2026-02-17 00:36:58,640 INFO o.a.j.t.JMeterThread: Thread finished: Thread Group 1-228
2026-02-17 00:36:58,740 INFO o.a.j.t.JMeterThread: Thread finished: Thread Group 1-38
2026-02-17 00:36:58,758 INFO o.a.j.t.JMeterThread: Thread finished: Thread Group 1-127
2026-02-17 00:36:58,769 INFO o.a.j.t.JMeterThread: Thread finished: Thread Group 1-229
2026-02-17 00:36:58,786 INFO o.a.j.t.JMeterThread: Thread finished: Thread Group 1-126
2026-02-17 00:36:58,870 INFO o.a.j.t.JMeterThread: Thread finished: Thread Group 1-230
2026-02-17 00:36:58,870 INFO o.a.j.t.JMeterThread: Thread finished: Thread Group 1-128
2026-02-17 00:36:58,962 INFO o.a.j.t.JMeterThread: Thread finished: Thread Group 1-70
2026-02-17 00:36:58,988 INFO o.a.j.t.JMeterThread: Thread finished: Thread Group 1-231
2026-02-17 00:36:59,012 INFO o.a.j.t.JMeterThread: Thread finished: Thread Group 1-72
2026-02-17 00:36:59,089 INFO o.a.j.t.JMeterThread: Thread finished: Thread Group 1-129
2026-02-17 00:36:59,113 INFO o.a.j.t.JMeterThread: Thread finished: Thread Group 1-232
2026-02-17 00:36:59,175 INFO o.a.j.t.JMeterThread: Thread finished: Thread Group 1-233
2026-02-17 00:36:59,195 INFO o.a.j.t.JMeterThread: Thread finished: Thread Group 1-130
2026-02-17 00:36:59,321 INFO o.a.j.t.JMeterThread: Thread finished: Thread Group 1-73
2026-02-17 00:36:59,350 INFO o.a.j.t.JMeterThread: Thread finished: Thread Group 1-234
2026-02-17 00:36:59,420 INFO o.a.j.t.JMeterThread: Thread finished: Thread Group 1-39
2026-02-17 00:36:59,469 INFO o.a.j.t.JMeterThread: Thread finished: Thread Group 1-131
2026-02-17 00:36:59,472 INFO o.a.j.t.JMeterThread: Thread finished: Thread Group 1-235
2026-02-17 00:36:59,578 INFO o.a.j.t.JMeterThread: Thread finished: Thread Group 1-236
2026-02-17 00:36:59,678 INFO o.a.j.t.JMeterThread: Thread finished: Thread Group 1-132
2026-02-17 00:36:59,678 INFO o.a.j.t.JMeterThread: Thread finished: Thread Group 1-74
2026-02-17 00:36:59,700 INFO o.a.j.t.JMeterThread: Thread finished: Thread Group 1-237
2026-02-17 00:36:59,819 INFO o.a.j.t.JMeterThread: Thread finished: Thread Group 1-40
2026-02-17 00:36:59,928 INFO o.a.j.t.JMeterThread: Thread finished: Thread Group 1-238
2026-02-17 00:36:59,931 INFO o.a.j.t.JMeterThread: Thread finished: Thread Group 1-239
2026-02-17 00:36:59,946 INFO o.a.j.t.JMeterThread: Thread finished: Thread Group 1-133
2026-02-17 00:37:00,041 INFO o.a.j.r.Summariser: summary +    600 in 00:00:30 =   20.0/s Avg:   356 Min:   330 Max:   552 Err:     0 (0.00%) Active: 45 Started: 300 Finished: 255
2026-02-17 00:37:00,042 INFO o.a.j.r.Summariser: summary =   6204 in 00:04:59 =   20.8/s Avg:   358 Min:   328 Max:  1415 Err:     0 (0.00%)
2026-02-17 00:37:00,042 INFO o.a.j.t.JMeterThread: Thread finished: Thread Group 1-21
2026-02-17 00:37:00,058 INFO o.a.j.t.JMeterThread: Thread finished: Thread Group 1-134
2026-02-17 00:37:00,060 INFO o.a.j.t.JMeterThread: Thread finished: Thread Group 1-240
2026-02-17 00:37:00,068 INFO o.a.j.t.JMeterThread: Thread finished: Thread Group 1-75
2026-02-17 00:37:00,077 INFO o.a.j.t.JMeterThread: Thread finished: Thread Group 1-17
2026-02-17 00:37:00,085 INFO o.a.j.t.JMeterThread: Thread finished: Thread Group 1-20
2026-02-17 00:37:00,091 INFO o.a.j.t.JMeterThread: Thread finished: Thread Group 1-71
2026-02-17 00:37:00,160 INFO o.a.j.t.JMeterThread: Thread finished: Thread Group 1-241
2026-02-17 00:37:00,277 INFO o.a.j.t.JMeterThread: Thread finished: Thread Group 1-135
2026-02-17 00:37:00,288 INFO o.a.j.t.JMeterThread: Thread finished: Thread Group 1-242
2026-02-17 00:37:00,426 INFO o.a.j.t.JMeterThread: Thread finished: Thread Group 1-76
2026-02-17 00:37:00,433 INFO o.a.j.t.JMeterThread: Thread finished: Thread Group 1-136
2026-02-17 00:37:00,434 INFO o.a.j.t.JMeterThread: Thread finished: Thread Group 1-243
2026-02-17 00:37:00,500 INFO o.a.j.t.JMeterThread: Thread finished: Thread Group 1-41
2026-02-17 00:37:00,537 INFO o.a.j.t.JMeterThread: Thread finished: Thread Group 1-244
2026-02-17 00:37:00,651 INFO o.a.j.t.JMeterThread: Thread finished: Thread Group 1-245
2026-02-17 00:37:00,651 INFO o.a.j.t.JMeterThread: Thread finished: Thread Group 1-137
2026-02-17 00:37:00,767 INFO o.a.j.t.JMeterThread: Thread finished: Thread Group 1-246
2026-02-17 00:37:00,889 INFO o.a.j.t.JMeterThread: Thread finished: Thread Group 1-77
2026-02-17 00:37:00,890 INFO o.a.j.t.JMeterThread: Thread finished: Thread Group 1-247
2026-02-17 00:37:00,918 INFO o.a.j.t.JMeterThread: Thread finished: Thread Group 1-138
2026-02-17 00:37:00,952 INFO o.a.j.t.JMeterThread: Thread finished: Thread Group 1-248
2026-02-17 00:37:01,114 INFO o.a.j.t.JMeterThread: Thread finished: Thread Group 1-249
2026-02-17 00:37:01,228 INFO o.a.j.t.JMeterThread: Thread finished: Thread Group 1-139
2026-02-17 00:37:01,235 INFO o.a.j.t.JMeterThread: Thread finished: Thread Group 1-250
2026-02-17 00:37:01,247 INFO o.a.j.t.JMeterThread: Thread finished: Thread Group 1-78
2026-02-17 00:37:01,247 INFO o.a.j.t.JMeterThread: Thread finished: Thread Group 1-42
2026-02-17 00:37:01,249 INFO o.a.j.t.JMeterThread: Thread finished: Thread Group 1-22
2026-02-17 00:37:01,345 INFO o.a.j.t.JMeterThread: Thread finished: Thread Group 1-251
2026-02-17 00:37:01,346 INFO o.a.j.t.JMeterThread: Thread finished: Thread Group 1-140
2026-02-17 00:37:01,473 INFO o.a.j.t.JMeterThread: Stopping because end time detected by thread: Thread Group 1-252
2026-02-17 00:37:01,473 INFO o.a.j.t.JMeterThread: Thread finished: Thread Group 1-252
2026-02-17 00:37:01,611 INFO o.a.j.t.JMeterThread: Stopping because end time detected by thread: Thread Group 1-141
2026-02-17 00:37:01,611 INFO o.a.j.t.JMeterThread: Thread finished: Thread Group 1-141
2026-02-17 00:37:01,631 INFO o.a.j.t.JMeterThread: Stopping because end time detected by thread: Thread Group 1-253
2026-02-17 00:37:01,631 INFO o.a.j.t.JMeterThread: Stopping because end time detected by thread: Thread Group 1-79
2026-02-17 00:37:01,641 INFO o.a.j.t.JMeterThread: Thread finished: Thread Group 1-79
2026-02-17 00:37:01,641 INFO o.a.j.t.JMeterThread: Thread finished: Thread Group 1-253
2026-02-17 00:37:01,673 INFO o.a.j.t.JMeterThread: Stopping because end time detected by thread: Thread Group 1-89
2026-02-17 00:37:01,673 INFO o.a.j.t.JMeterThread: Stopping because end time detected by thread: Thread Group 1-169
2026-02-17 00:37:01,679 INFO o.a.j.t.JMeterThread: Thread finished: Thread Group 1-89
2026-02-17 00:37:01,679 INFO o.a.j.t.JMeterThread: Thread finished: Thread Group 1-169
2026-02-17 00:37:01,679 INFO o.a.j.t.JMeterThread: Stopping because end time detected by thread: Thread Group 1-171
2026-02-17 00:37:01,679 INFO o.a.j.t.JMeterThread: Thread finished: Thread Group 1-171
2026-02-17 00:37:01,695 INFO o.a.j.t.JMeterThread: Stopping because end time detected by thread: Thread Group 1-256
2026-02-17 00:37:01,695 INFO o.a.j.t.JMeterThread: Thread finished: Thread Group 1-256
2026-02-17 00:37:01,702 INFO o.a.j.t.JMeterThread: Stopping because end time detected by thread: Thread Group 1-254
2026-02-17 00:37:01,702 INFO o.a.j.t.JMeterThread: Thread finished: Thread Group 1-254
2026-02-17 00:37:01,711 INFO o.a.j.t.JMeterThread: Stopping because end time detected by thread: Thread Group 1-280
2026-02-17 00:37:01,711 INFO o.a.j.t.JMeterThread: Thread finished: Thread Group 1-280
2026-02-17 00:37:01,727 INFO o.a.j.t.JMeterThread: Stopping because end time detected by thread: Thread Group 1-282
2026-02-17 00:37:01,727 INFO o.a.j.t.JMeterThread: Thread finished: Thread Group 1-282
2026-02-17 00:37:01,742 INFO o.a.j.t.JMeterThread: Stopping because end time detected by thread: Thread Group 1-257
2026-02-17 00:37:01,742 INFO o.a.j.t.JMeterThread: Thread finished: Thread Group 1-257
2026-02-17 00:37:01,778 INFO o.a.j.t.JMeterThread: Stopping because end time detected by thread: Thread Group 1-284
2026-02-17 00:37:01,778 INFO o.a.j.t.JMeterThread: Thread finished: Thread Group 1-284
2026-02-17 00:37:01,778 INFO o.a.j.t.JMeterThread: Stopping because end time detected by thread: Thread Group 1-255
2026-02-17 00:37:01,778 INFO o.a.j.t.JMeterThread: Thread finished: Thread Group 1-255
2026-02-17 00:37:01,806 INFO o.a.j.t.JMeterThread: Stopping because end time detected by thread: Thread Group 1-299
2026-02-17 00:37:01,806 INFO o.a.j.t.JMeterThread: Thread finished: Thread Group 1-299
2026-02-17 00:37:01,809 INFO o.a.j.e.StandardJMeterEngine: Notifying test listeners of end of test
2026-02-17 00:37:01,809 INFO o.a.j.s.FileServer: Close: C:/Users/User/Desktop/NttData/Challenge/JMeter_Performance_JSCM/test-plan/users.csv
2026-02-17 00:37:01,809 INFO o.a.j.r.Summariser: summary +     44 in 00:00:02 =   24.9/s Avg:   346 Min:   336 Max:   367 Err:     0 (0.00%) Active: 0 Started: 300 Finished: 300
2026-02-17 00:37:01,809 INFO o.a.j.r.Summariser: summary =   6248 in 00:05:01 =   20.8/s Avg:   358 Min:   328 Max:  1415 Err:     0 (0.00%)
2026-02-17 00:37:01,813 INFO o.a.j.JMeter: Generating Dashboard
2026-02-17 00:37:01,813 INFO o.a.j.r.d.ReportGenerator: Flushing result collector before report Generation
2026-02-17 00:37:01,826 INFO o.a.j.r.p.NormalizerSampleConsumer: Using format, 'ms', to parse timeStamp field
2026-02-17 00:37:02,206 INFO o.a.j.r.p.AbstractSampleConsumer: class org.apache.jmeter.report.processor.AggregateConsumer#stopProducing(): beginDate produced 0 samples
2026-02-17 00:37:02,206 INFO o.a.j.r.p.AbstractSampleConsumer: class org.apache.jmeter.report.processor.AggregateConsumer#stopProducing(): endDate produced 0 samples
2026-02-17 00:37:02,208 INFO o.a.j.r.p.AbstractSampleConsumer: class org.apache.jmeter.report.processor.ApdexSummaryConsumer#stopProducing(): apdexSummary produced 0 samples
2026-02-17 00:37:02,208 INFO o.a.j.r.p.AbstractSampleConsumer: class org.apache.jmeter.report.processor.RequestsSummaryConsumer#stopProducing(): requestsSummary produced 0 samples
2026-02-17 00:37:02,222 INFO o.a.j.r.p.AbstractSampleConsumer: class org.apache.jmeter.report.processor.StatisticsSummaryConsumer#stopProducing(): statisticsSummary produced 0 samples
2026-02-17 00:37:02,224 INFO o.a.j.r.p.AbstractSampleConsumer: class org.apache.jmeter.report.processor.Top5ErrorsBySamplerConsumer#stopProducing(): top5ErrorsBySampler produced 0 samples
2026-02-17 00:37:02,226 INFO o.a.j.r.p.AbstractSampleConsumer: class org.apache.jmeter.report.processor.ErrorsSummaryConsumer#stopProducing(): errorsSummary produced 0 samples
2026-02-17 00:37:02,226 INFO o.a.j.r.p.AbstractSampleConsumer: class org.apache.jmeter.report.processor.graph.impl.HitsPerSecondGraphConsumer#stopProducing(): hitsPerSecond produced 0 samples
2026-02-17 00:37:02,336 INFO o.a.j.r.p.AbstractSampleConsumer: class org.apache.jmeter.report.processor.graph.impl.LatencyVSRequestGraphConsumer#stopProducing(): latencyVsRequest produced 0 samples
2026-02-17 00:37:02,338 INFO o.a.j.r.p.AbstractSampleConsumer: class org.apache.jmeter.report.processor.graph.impl.SyntheticResponseTimeDistributionGraphConsumer#stopProducing(): syntheticResponseTimeDistribution produced 0 samples
2026-02-17 00:37:02,340 INFO o.a.j.r.p.AbstractSampleConsumer: class org.apache.jmeter.report.processor.graph.impl.BytesThroughputGraphConsumer#stopProducing(): bytesThroughputOverTime produced 0 samples
2026-02-17 00:37:02,340 INFO o.a.j.r.p.AbstractSampleConsumer: class org.apache.jmeter.report.processor.graph.impl.CodesPerSecondGraphConsumer#stopProducing(): codesPerSecond produced 0 samples
2026-02-17 00:37:02,405 INFO o.a.j.r.p.AbstractSampleConsumer: class org.apache.jmeter.report.processor.graph.impl.ResponseTimeVSRequestGraphConsumer#stopProducing(): responseTimeVsRequest produced 0 samples
2026-02-17 00:37:02,405 INFO o.a.j.r.p.AbstractSampleConsumer: class org.apache.jmeter.report.processor.FilterConsumer#stopProducing(): startIntervalControlerFilter produced 43736 samples
2026-02-17 00:37:02,405 INFO o.a.j.r.p.AbstractSampleConsumer: class org.apache.jmeter.report.processor.graph.impl.TotalTPSGraphConsumer#stopProducing(): totalTPS produced 0 samples
2026-02-17 00:37:02,405 INFO o.a.j.r.p.AbstractSampleConsumer: class org.apache.jmeter.report.processor.graph.impl.ActiveThreadsGraphConsumer#stopProducing(): activeThreadsOverTime produced 0 samples
2026-02-17 00:37:02,405 INFO o.a.j.r.p.AbstractSampleConsumer: class org.apache.jmeter.report.processor.graph.impl.TimeVSThreadGraphConsumer#stopProducing(): timeVsThreads produced 0 samples
2026-02-17 00:37:02,412 INFO o.a.j.r.p.AbstractSampleConsumer: class org.apache.jmeter.report.processor.graph.impl.ResponseTimeDistributionGraphConsumer#stopProducing(): responseTimeDistribution produced 0 samples
2026-02-17 00:37:02,412 INFO o.a.j.r.p.AbstractSampleConsumer: class org.apache.jmeter.report.processor.graph.impl.TransactionsPerSecondGraphConsumer#stopProducing(): transactionsPerSecond produced 0 samples
2026-02-17 00:37:02,412 INFO o.a.j.r.p.AbstractSampleConsumer: class org.apache.jmeter.report.processor.graph.impl.ResponseTimePercentilesGraphConsumer#stopProducing(): responseTimePercentiles produced 0 samples
2026-02-17 00:37:02,412 INFO o.a.j.r.p.AbstractSampleConsumer: class org.apache.jmeter.report.processor.graph.impl.ResponseTimePercentilesOverTimeGraphConsumer#stopProducing(): responseTimePercentilesOverTime produced 0 samples
2026-02-17 00:37:02,417 INFO o.a.j.r.p.AbstractSampleConsumer: class org.apache.jmeter.report.processor.graph.impl.ResponseTimeOverTimeGraphConsumer#stopProducing(): responseTimesOverTime produced 0 samples
2026-02-17 00:37:02,417 INFO o.a.j.r.p.AbstractSampleConsumer: class org.apache.jmeter.report.processor.graph.impl.ConnectTimeOverTimeGraphConsumer#stopProducing(): connectTimeOverTime produced 0 samples
2026-02-17 00:37:02,417 INFO o.a.j.r.p.AbstractSampleConsumer: class org.apache.jmeter.report.processor.graph.impl.LatencyOverTimeGraphConsumer#stopProducing(): latenciesOverTime produced 0 samples
2026-02-17 00:37:02,417 INFO o.a.j.r.p.AbstractSampleConsumer: class org.apache.jmeter.report.processor.FilterConsumer#stopProducing(): nameFilter produced 93720 samples
2026-02-17 00:37:02,417 INFO o.a.j.r.p.AbstractSampleConsumer: class org.apache.jmeter.report.processor.FilterConsumer#stopProducing(): dateRangeFilter produced 18744 samples
2026-02-17 00:37:02,417 INFO o.a.j.r.p.AbstractSampleConsumer: class org.apache.jmeter.report.processor.NormalizerSampleConsumer#stopProducing(): normalizer produced 6248 samples
2026-02-17 00:37:02,418 INFO o.a.j.r.p.CsvFileSampleSource: produce(): 6248 samples produced in 552ms on channel 0
2026-02-17 00:37:02,418 INFO o.a.j.r.d.ReportGenerator: Exporting data using exporter:'json' of className:'org.apache.jmeter.report.dashboard.JsonExporter'
2026-02-17 00:37:02,572 INFO o.a.j.r.d.JsonExporter: Found data for consumer statisticsSummaryin context
2026-02-17 00:37:02,572 INFO o.a.j.r.d.JsonExporter: Creating statistics for overall
2026-02-17 00:37:02,576 INFO o.a.j.r.d.JsonExporter: Creating statistics for other transactions
2026-02-17 00:37:02,576 INFO o.a.j.r.d.JsonExporter: Checking output folder
2026-02-17 00:37:02,578 INFO o.a.j.r.d.JsonExporter: Writing statistics JSON to C:\Users\User\Desktop\NttData\Challenge\JMeter_Performance_JSCM\results\report\statistics.json
2026-02-17 00:37:02,631 INFO o.a.j.r.d.ReportGenerator: Exporting data using exporter:'html' of className:'org.apache.jmeter.report.dashboard.HtmlTemplateExporter'
2026-02-17 00:37:02,641 INFO o.a.j.r.d.HtmlTemplateExporter: Will generate dashboard in folder: C:\Users\User\Desktop\NttData\Challenge\JMeter_Performance_JSCM\results\report
2026-02-17 00:37:02,773 INFO o.a.j.r.d.HtmlTemplateExporter: Report will be generated in: C:\Users\User\Desktop\NttData\Challenge\JMeter_Performance_JSCM\results\report, creating folder structure
2026-02-17 00:37:02,773 INFO o.a.j.r.d.TemplateVisitor: Copying folder from 'C:\jmeter\apache-jmeter-5.6.3\bin\report-template' to 'C:\Users\User\Desktop\NttData\Challenge\JMeter_Performance_JSCM\results\report', got message: C:\Users\User\Desktop\NttData\Challenge\JMeter_Performance_JSCM\results\report, found non empty folder with following content [C:\Users\User\Desktop\NttData\Challenge\JMeter_Performance_JSCM\results\report\statistics.json], will be ignored
2026-02-17 00:37:03,253 INFO o.a.j.JMeter: Dashboard generated
